{"level":"info","time":"2020-10-21T11:04:09+02:00","message":"Firewall Command Server started.","service":"user-service"}
{"level":"info","time":"2020-10-21T11:04:09+02:00","message":"Command server is listening on port 61234","service":"user-service"}
{"level":"info","time":"2020-10-21T11:04:15+02:00","message":"Received SIGINT signal","service":"user-service"}
{"level":"info","time":"2020-10-21T11:04:16+02:00","message":"Exit","service":"user-service"}
{"level":"info","time":"2020-10-21T11:05:09+02:00","message":"Firewall Command Server started.","service":"user-service"}
{"level":"info","time":"2020-10-21T11:05:09+02:00","message":"Command server is listening on port 61234","service":"user-service"}
{"level":"info","time":"2020-10-21T11:05:11+02:00","message":"Received SIGINT signal","service":"user-service"}
{"level":"info","time":"2020-10-21T11:05:12+02:00","message":"Exit","service":"user-service"}
{"level":"info","time":"2020-10-21T15:53:24+02:00","message":"Firewall Command Server started.","service":"user-service"}
{"level":"info","time":"2020-10-21T15:53:24+02:00","message":"Command server is listening on port 61234","service":"user-service"}
{"level":"info","time":"2020-10-21T15:53:30+02:00","message":"Csv firewall files updated","service":"user-service"}
{"level":"info","time":"2020-10-21T15:53:36+02:00","message":"Script executed /home/torsello/Documenti/Attivita/WIFINETCOM_SRL/SviluppoSoftware/CrmCom2/FirewallCommandServer/scripts/InitFirewall.sh","service":"user-service"}
{"level":"info","time":"2020-10-21T15:53:44+02:00","message":"Script executed /home/torsello/Documenti/Attivita/WIFINETCOM_SRL/SviluppoSoftware/CrmCom2/FirewallCommandServer/scripts/InitBandwidth.sh","service":"user-service"}
{"level":"info","time":"2020-10-21T15:54:06+02:00","message":"Received SIGINT signal","service":"user-service"}
{"level":"info","time":"2020-10-21T15:54:06+02:00","message":"Exit","service":"user-service"}
{"level":"info","time":"2020-10-21T16:00:58+02:00","message":"Firewall Command Server started.","service":"user-service"}
{"level":"info","time":"2020-10-21T16:00:58+02:00","message":"Command server is listening on port 61234","service":"user-service"}
{"level":"info","time":"2020-10-21T16:01:00+02:00","message":"Received SIGINT signal","service":"user-service"}
{"level":"info","time":"2020-10-21T16:01:00+02:00","message":"Exit","service":"user-service"}
{"level":"info","time":"2020-10-21T16:32:27+02:00","message":"Firewall Command Server started.","service":"user-service"}
{"level":"info","time":"2020-10-21T16:32:27+02:00","message":"Command server is listening on port 61234","service":"user-service"}
{"level":"info","time":"2020-10-21T16:32:32+02:00","message":"Received SIGINT signal","service":"user-service"}
{"level":"info","time":"2020-10-21T16:32:33+02:00","message":"Exit","service":"user-service"}
